[2025-11-22T12:26:57.973+0000] {processor.py:186} INFO - Started process (PID=164) to work on /opt/airflow/dags/orchestrator.py
[2025-11-22T12:26:57.988+0000] {processor.py:914} INFO - Processing file /opt/airflow/dags/orchestrator.py for tasks to queue
[2025-11-22T12:26:58.030+0000] {logging_mixin.py:190} INFO - [2025-11-22T12:26:58.026+0000] {dagbag.py:588} INFO - Filling up the DagBag from /opt/airflow/dags/orchestrator.py
[2025-11-22T12:26:58.438+0000] {logging_mixin.py:190} INFO - [2025-11-22T12:26:58.409+0000] {dagbag.py:387} ERROR - Failed to import: /opt/airflow/dags/orchestrator.py
Traceback (most recent call last):
  File "/home/airflow/.local/lib/python3.12/site-packages/airflow/models/dagbag.py", line 383, in parse
    loader.exec_module(new_module)
  File "<frozen importlib._bootstrap_external>", line 995, in exec_module
  File "<frozen importlib._bootstrap>", line 488, in _call_with_frames_removed
  File "/opt/airflow/dags/orchestrator.py", line 6, in <module>
    from scripts.data_cleaner import clean_data
ImportError: cannot import name 'clean_data' from 'scripts.data_cleaner' (/opt/airflow/dags/scripts/data_cleaner.py)
[2025-11-22T12:26:58.444+0000] {processor.py:927} WARNING - No viable dags retrieved from /opt/airflow/dags/orchestrator.py
[2025-11-22T12:26:58.647+0000] {processor.py:208} INFO - Processing /opt/airflow/dags/orchestrator.py took 0.744 seconds
[2025-11-22T12:27:29.389+0000] {processor.py:186} INFO - Started process (PID=169) to work on /opt/airflow/dags/orchestrator.py
[2025-11-22T12:27:29.399+0000] {processor.py:914} INFO - Processing file /opt/airflow/dags/orchestrator.py for tasks to queue
[2025-11-22T12:27:29.433+0000] {logging_mixin.py:190} INFO - [2025-11-22T12:27:29.429+0000] {dagbag.py:588} INFO - Filling up the DagBag from /opt/airflow/dags/orchestrator.py
[2025-11-22T12:27:29.581+0000] {logging_mixin.py:190} INFO - [2025-11-22T12:27:29.561+0000] {dagbag.py:387} ERROR - Failed to import: /opt/airflow/dags/orchestrator.py
Traceback (most recent call last):
  File "/home/airflow/.local/lib/python3.12/site-packages/airflow/models/dagbag.py", line 383, in parse
    loader.exec_module(new_module)
  File "<frozen importlib._bootstrap_external>", line 995, in exec_module
  File "<frozen importlib._bootstrap>", line 488, in _call_with_frames_removed
  File "/opt/airflow/dags/orchestrator.py", line 6, in <module>
    from scripts.data_cleaner import clean_data
ImportError: cannot import name 'clean_data' from 'scripts.data_cleaner' (/opt/airflow/dags/scripts/data_cleaner.py)
[2025-11-22T12:27:29.587+0000] {processor.py:927} WARNING - No viable dags retrieved from /opt/airflow/dags/orchestrator.py
[2025-11-22T12:27:29.724+0000] {processor.py:208} INFO - Processing /opt/airflow/dags/orchestrator.py took 0.424 seconds
[2025-11-22T12:28:00.284+0000] {processor.py:186} INFO - Started process (PID=174) to work on /opt/airflow/dags/orchestrator.py
[2025-11-22T12:28:00.287+0000] {processor.py:914} INFO - Processing file /opt/airflow/dags/orchestrator.py for tasks to queue
[2025-11-22T12:28:00.296+0000] {logging_mixin.py:190} INFO - [2025-11-22T12:28:00.295+0000] {dagbag.py:588} INFO - Filling up the DagBag from /opt/airflow/dags/orchestrator.py
[2025-11-22T12:28:00.403+0000] {logging_mixin.py:190} INFO - [2025-11-22T12:28:00.393+0000] {dagbag.py:387} ERROR - Failed to import: /opt/airflow/dags/orchestrator.py
Traceback (most recent call last):
  File "/home/airflow/.local/lib/python3.12/site-packages/airflow/models/dagbag.py", line 383, in parse
    loader.exec_module(new_module)
  File "<frozen importlib._bootstrap_external>", line 995, in exec_module
  File "<frozen importlib._bootstrap>", line 488, in _call_with_frames_removed
  File "/opt/airflow/dags/orchestrator.py", line 6, in <module>
    from scripts.data_cleaner import clean_data
ImportError: cannot import name 'clean_data' from 'scripts.data_cleaner' (/opt/airflow/dags/scripts/data_cleaner.py)
[2025-11-22T12:28:00.408+0000] {processor.py:927} WARNING - No viable dags retrieved from /opt/airflow/dags/orchestrator.py
[2025-11-22T12:28:00.460+0000] {processor.py:208} INFO - Processing /opt/airflow/dags/orchestrator.py took 0.230 seconds
[2025-11-22T12:28:31.069+0000] {processor.py:186} INFO - Started process (PID=179) to work on /opt/airflow/dags/orchestrator.py
[2025-11-22T12:28:31.075+0000] {processor.py:914} INFO - Processing file /opt/airflow/dags/orchestrator.py for tasks to queue
[2025-11-22T12:28:31.087+0000] {logging_mixin.py:190} INFO - [2025-11-22T12:28:31.085+0000] {dagbag.py:588} INFO - Filling up the DagBag from /opt/airflow/dags/orchestrator.py
[2025-11-22T12:28:31.404+0000] {logging_mixin.py:190} INFO - [2025-11-22T12:28:31.202+0000] {dagbag.py:387} ERROR - Failed to import: /opt/airflow/dags/orchestrator.py
Traceback (most recent call last):
  File "/home/airflow/.local/lib/python3.12/site-packages/airflow/models/dagbag.py", line 383, in parse
    loader.exec_module(new_module)
  File "<frozen importlib._bootstrap_external>", line 995, in exec_module
  File "<frozen importlib._bootstrap>", line 488, in _call_with_frames_removed
  File "/opt/airflow/dags/orchestrator.py", line 6, in <module>
    from scripts.data_cleaner import clean_data
ImportError: cannot import name 'clean_data' from 'scripts.data_cleaner' (/opt/airflow/dags/scripts/data_cleaner.py)
[2025-11-22T12:28:31.426+0000] {processor.py:927} WARNING - No viable dags retrieved from /opt/airflow/dags/orchestrator.py
[2025-11-22T12:28:31.580+0000] {processor.py:208} INFO - Processing /opt/airflow/dags/orchestrator.py took 0.590 seconds
[2025-11-22T12:29:01.962+0000] {processor.py:186} INFO - Started process (PID=184) to work on /opt/airflow/dags/orchestrator.py
[2025-11-22T12:29:01.972+0000] {processor.py:914} INFO - Processing file /opt/airflow/dags/orchestrator.py for tasks to queue
[2025-11-22T12:29:01.996+0000] {logging_mixin.py:190} INFO - [2025-11-22T12:29:01.994+0000] {dagbag.py:588} INFO - Filling up the DagBag from /opt/airflow/dags/orchestrator.py
[2025-11-22T12:29:02.106+0000] {logging_mixin.py:190} INFO - [2025-11-22T12:29:02.095+0000] {dagbag.py:387} ERROR - Failed to import: /opt/airflow/dags/orchestrator.py
Traceback (most recent call last):
  File "/home/airflow/.local/lib/python3.12/site-packages/airflow/models/dagbag.py", line 383, in parse
    loader.exec_module(new_module)
  File "<frozen importlib._bootstrap_external>", line 995, in exec_module
  File "<frozen importlib._bootstrap>", line 488, in _call_with_frames_removed
  File "/opt/airflow/dags/orchestrator.py", line 6, in <module>
    from scripts.data_cleaner import clean_data
ImportError: cannot import name 'clean_data' from 'scripts.data_cleaner' (/opt/airflow/dags/scripts/data_cleaner.py)
[2025-11-22T12:29:02.110+0000] {processor.py:927} WARNING - No viable dags retrieved from /opt/airflow/dags/orchestrator.py
[2025-11-22T12:29:02.226+0000] {processor.py:208} INFO - Processing /opt/airflow/dags/orchestrator.py took 0.344 seconds
[2025-11-22T12:29:33.020+0000] {processor.py:186} INFO - Started process (PID=189) to work on /opt/airflow/dags/orchestrator.py
[2025-11-22T12:29:33.030+0000] {processor.py:914} INFO - Processing file /opt/airflow/dags/orchestrator.py for tasks to queue
[2025-11-22T12:29:33.081+0000] {logging_mixin.py:190} INFO - [2025-11-22T12:29:33.079+0000] {dagbag.py:588} INFO - Filling up the DagBag from /opt/airflow/dags/orchestrator.py
[2025-11-22T12:29:33.310+0000] {logging_mixin.py:190} INFO - [2025-11-22T12:29:33.282+0000] {dagbag.py:387} ERROR - Failed to import: /opt/airflow/dags/orchestrator.py
Traceback (most recent call last):
  File "/home/airflow/.local/lib/python3.12/site-packages/airflow/models/dagbag.py", line 383, in parse
    loader.exec_module(new_module)
  File "<frozen importlib._bootstrap_external>", line 995, in exec_module
  File "<frozen importlib._bootstrap>", line 488, in _call_with_frames_removed
  File "/opt/airflow/dags/orchestrator.py", line 6, in <module>
    from scripts.data_cleaner import clean_data
ImportError: cannot import name 'clean_data' from 'scripts.data_cleaner' (/opt/airflow/dags/scripts/data_cleaner.py)
[2025-11-22T12:29:33.326+0000] {processor.py:927} WARNING - No viable dags retrieved from /opt/airflow/dags/orchestrator.py
[2025-11-22T12:29:33.460+0000] {processor.py:208} INFO - Processing /opt/airflow/dags/orchestrator.py took 0.482 seconds
[2025-11-22T12:30:03.684+0000] {processor.py:186} INFO - Started process (PID=194) to work on /opt/airflow/dags/orchestrator.py
[2025-11-22T12:30:03.691+0000] {processor.py:914} INFO - Processing file /opt/airflow/dags/orchestrator.py for tasks to queue
[2025-11-22T12:30:03.714+0000] {logging_mixin.py:190} INFO - [2025-11-22T12:30:03.713+0000] {dagbag.py:588} INFO - Filling up the DagBag from /opt/airflow/dags/orchestrator.py
[2025-11-22T12:30:03.941+0000] {logging_mixin.py:190} INFO - [2025-11-22T12:30:03.930+0000] {dagbag.py:387} ERROR - Failed to import: /opt/airflow/dags/orchestrator.py
Traceback (most recent call last):
  File "/home/airflow/.local/lib/python3.12/site-packages/airflow/models/dagbag.py", line 383, in parse
    loader.exec_module(new_module)
  File "<frozen importlib._bootstrap_external>", line 995, in exec_module
  File "<frozen importlib._bootstrap>", line 488, in _call_with_frames_removed
  File "/opt/airflow/dags/orchestrator.py", line 6, in <module>
    from scripts.data_cleaner import clean_data
ImportError: cannot import name 'clean_data' from 'scripts.data_cleaner' (/opt/airflow/dags/scripts/data_cleaner.py)
[2025-11-22T12:30:03.946+0000] {processor.py:927} WARNING - No viable dags retrieved from /opt/airflow/dags/orchestrator.py
[2025-11-22T12:30:04.024+0000] {processor.py:208} INFO - Processing /opt/airflow/dags/orchestrator.py took 0.375 seconds
[2025-11-22T12:30:34.801+0000] {processor.py:186} INFO - Started process (PID=199) to work on /opt/airflow/dags/orchestrator.py
[2025-11-22T12:30:34.804+0000] {processor.py:914} INFO - Processing file /opt/airflow/dags/orchestrator.py for tasks to queue
[2025-11-22T12:30:34.813+0000] {logging_mixin.py:190} INFO - [2025-11-22T12:30:34.812+0000] {dagbag.py:588} INFO - Filling up the DagBag from /opt/airflow/dags/orchestrator.py
[2025-11-22T12:30:34.917+0000] {logging_mixin.py:190} INFO - [2025-11-22T12:30:34.899+0000] {dagbag.py:387} ERROR - Failed to import: /opt/airflow/dags/orchestrator.py
Traceback (most recent call last):
  File "/home/airflow/.local/lib/python3.12/site-packages/airflow/models/dagbag.py", line 383, in parse
    loader.exec_module(new_module)
  File "<frozen importlib._bootstrap_external>", line 995, in exec_module
  File "<frozen importlib._bootstrap>", line 488, in _call_with_frames_removed
  File "/opt/airflow/dags/orchestrator.py", line 6, in <module>
    from scripts.data_cleaner import clean_data
ImportError: cannot import name 'clean_data' from 'scripts.data_cleaner' (/opt/airflow/dags/scripts/data_cleaner.py)
[2025-11-22T12:30:34.922+0000] {processor.py:927} WARNING - No viable dags retrieved from /opt/airflow/dags/orchestrator.py
[2025-11-22T12:30:34.995+0000] {processor.py:208} INFO - Processing /opt/airflow/dags/orchestrator.py took 0.217 seconds
[2025-11-22T12:31:05.493+0000] {processor.py:186} INFO - Started process (PID=204) to work on /opt/airflow/dags/orchestrator.py
[2025-11-22T12:31:05.504+0000] {processor.py:914} INFO - Processing file /opt/airflow/dags/orchestrator.py for tasks to queue
[2025-11-22T12:31:05.528+0000] {logging_mixin.py:190} INFO - [2025-11-22T12:31:05.525+0000] {dagbag.py:588} INFO - Filling up the DagBag from /opt/airflow/dags/orchestrator.py
[2025-11-22T12:31:05.689+0000] {logging_mixin.py:190} INFO - [2025-11-22T12:31:05.669+0000] {dagbag.py:387} ERROR - Failed to import: /opt/airflow/dags/orchestrator.py
Traceback (most recent call last):
  File "/home/airflow/.local/lib/python3.12/site-packages/airflow/models/dagbag.py", line 383, in parse
    loader.exec_module(new_module)
  File "<frozen importlib._bootstrap_external>", line 995, in exec_module
  File "<frozen importlib._bootstrap>", line 488, in _call_with_frames_removed
  File "/opt/airflow/dags/orchestrator.py", line 6, in <module>
    from scripts.data_cleaner import clean_data
ImportError: cannot import name 'clean_data' from 'scripts.data_cleaner' (/opt/airflow/dags/scripts/data_cleaner.py)
[2025-11-22T12:31:05.696+0000] {processor.py:927} WARNING - No viable dags retrieved from /opt/airflow/dags/orchestrator.py
[2025-11-22T12:31:05.807+0000] {processor.py:208} INFO - Processing /opt/airflow/dags/orchestrator.py took 0.387 seconds
[2025-11-22T12:31:36.319+0000] {processor.py:186} INFO - Started process (PID=209) to work on /opt/airflow/dags/orchestrator.py
[2025-11-22T12:31:36.325+0000] {processor.py:914} INFO - Processing file /opt/airflow/dags/orchestrator.py for tasks to queue
[2025-11-22T12:31:36.337+0000] {logging_mixin.py:190} INFO - [2025-11-22T12:31:36.336+0000] {dagbag.py:588} INFO - Filling up the DagBag from /opt/airflow/dags/orchestrator.py
[2025-11-22T12:31:36.484+0000] {logging_mixin.py:190} INFO - [2025-11-22T12:31:36.471+0000] {dagbag.py:387} ERROR - Failed to import: /opt/airflow/dags/orchestrator.py
Traceback (most recent call last):
  File "/home/airflow/.local/lib/python3.12/site-packages/airflow/models/dagbag.py", line 383, in parse
    loader.exec_module(new_module)
  File "<frozen importlib._bootstrap_external>", line 995, in exec_module
  File "<frozen importlib._bootstrap>", line 488, in _call_with_frames_removed
  File "/opt/airflow/dags/orchestrator.py", line 6, in <module>
    from scripts.data_cleaner import clean_data
ImportError: cannot import name 'clean_data' from 'scripts.data_cleaner' (/opt/airflow/dags/scripts/data_cleaner.py)
[2025-11-22T12:31:36.490+0000] {processor.py:927} WARNING - No viable dags retrieved from /opt/airflow/dags/orchestrator.py
[2025-11-22T12:31:36.609+0000] {processor.py:208} INFO - Processing /opt/airflow/dags/orchestrator.py took 0.341 seconds
[2025-11-22T12:32:06.873+0000] {processor.py:186} INFO - Started process (PID=214) to work on /opt/airflow/dags/orchestrator.py
[2025-11-22T12:32:06.876+0000] {processor.py:914} INFO - Processing file /opt/airflow/dags/orchestrator.py for tasks to queue
[2025-11-22T12:32:06.884+0000] {logging_mixin.py:190} INFO - [2025-11-22T12:32:06.883+0000] {dagbag.py:588} INFO - Filling up the DagBag from /opt/airflow/dags/orchestrator.py
[2025-11-22T12:32:07.298+0000] {processor.py:925} INFO - DAG(s) 'job_pipeline' retrieved from /opt/airflow/dags/orchestrator.py
[2025-11-22T12:32:08.573+0000] {logging_mixin.py:190} INFO - [2025-11-22T12:32:08.570+0000] {override.py:1900} INFO - Created Permission View: can edit on DAG:job_pipeline
[2025-11-22T12:32:08.604+0000] {logging_mixin.py:190} INFO - [2025-11-22T12:32:08.603+0000] {override.py:1900} INFO - Created Permission View: can read on DAG:job_pipeline
[2025-11-22T12:32:08.621+0000] {logging_mixin.py:190} INFO - [2025-11-22T12:32:08.620+0000] {override.py:1900} INFO - Created Permission View: can delete on DAG:job_pipeline
[2025-11-22T12:32:08.643+0000] {logging_mixin.py:190} INFO - [2025-11-22T12:32:08.641+0000] {override.py:1900} INFO - Created Permission View: can delete on DAG Run:job_pipeline
[2025-11-22T12:32:08.666+0000] {logging_mixin.py:190} INFO - [2025-11-22T12:32:08.665+0000] {override.py:1900} INFO - Created Permission View: can create on DAG Run:job_pipeline
[2025-11-22T12:32:08.686+0000] {logging_mixin.py:190} INFO - [2025-11-22T12:32:08.685+0000] {override.py:1900} INFO - Created Permission View: menu access on DAG Run:job_pipeline
[2025-11-22T12:32:08.706+0000] {logging_mixin.py:190} INFO - [2025-11-22T12:32:08.706+0000] {override.py:1900} INFO - Created Permission View: can read on DAG Run:job_pipeline
[2025-11-22T12:32:08.709+0000] {logging_mixin.py:190} INFO - [2025-11-22T12:32:08.708+0000] {dag.py:3239} INFO - Sync 1 DAGs
[2025-11-22T12:32:08.779+0000] {logging_mixin.py:190} INFO - [2025-11-22T12:32:08.779+0000] {dag.py:3262} INFO - Creating ORM DAG for job_pipeline
[2025-11-22T12:32:08.838+0000] {logging_mixin.py:190} INFO - [2025-11-22T12:32:08.837+0000] {dag.py:4180} INFO - Setting next_dagrun for job_pipeline to 2025-11-22 00:00:00+00:00, run_after=2025-11-23 00:00:00+00:00
[2025-11-22T12:32:08.907+0000] {processor.py:208} INFO - Processing /opt/airflow/dags/orchestrator.py took 2.057 seconds
[2025-11-22T12:32:39.488+0000] {processor.py:186} INFO - Started process (PID=219) to work on /opt/airflow/dags/orchestrator.py
[2025-11-22T12:32:39.492+0000] {processor.py:914} INFO - Processing file /opt/airflow/dags/orchestrator.py for tasks to queue
[2025-11-22T12:32:39.503+0000] {logging_mixin.py:190} INFO - [2025-11-22T12:32:39.502+0000] {dagbag.py:588} INFO - Filling up the DagBag from /opt/airflow/dags/orchestrator.py
[2025-11-22T12:32:39.693+0000] {processor.py:925} INFO - DAG(s) 'job_pipeline' retrieved from /opt/airflow/dags/orchestrator.py
[2025-11-22T12:32:39.799+0000] {logging_mixin.py:190} INFO - [2025-11-22T12:32:39.799+0000] {dag.py:3239} INFO - Sync 1 DAGs
[2025-11-22T12:32:39.910+0000] {logging_mixin.py:190} INFO - [2025-11-22T12:32:39.909+0000] {dag.py:4180} INFO - Setting next_dagrun for job_pipeline to 2025-11-22 00:00:00+00:00, run_after=2025-11-23 00:00:00+00:00
[2025-11-22T12:32:39.981+0000] {processor.py:208} INFO - Processing /opt/airflow/dags/orchestrator.py took 0.514 seconds
[2025-11-22T12:34:13.066+0000] {processor.py:186} INFO - Started process (PID=165) to work on /opt/airflow/dags/orchestrator.py
[2025-11-22T12:34:13.075+0000] {processor.py:914} INFO - Processing file /opt/airflow/dags/orchestrator.py for tasks to queue
[2025-11-22T12:34:13.084+0000] {logging_mixin.py:190} INFO - [2025-11-22T12:34:13.082+0000] {dagbag.py:588} INFO - Filling up the DagBag from /opt/airflow/dags/orchestrator.py
[2025-11-22T12:34:13.418+0000] {processor.py:925} INFO - DAG(s) 'job_pipeline' retrieved from /opt/airflow/dags/orchestrator.py
[2025-11-22T12:34:13.522+0000] {logging_mixin.py:190} INFO - [2025-11-22T12:34:13.521+0000] {dag.py:3239} INFO - Sync 1 DAGs
[2025-11-22T12:34:13.572+0000] {logging_mixin.py:190} INFO - [2025-11-22T12:34:13.571+0000] {dag.py:4180} INFO - Setting next_dagrun for job_pipeline to 2025-11-22 00:00:00+00:00, run_after=2025-11-23 00:00:00+00:00
[2025-11-22T12:34:13.616+0000] {processor.py:208} INFO - Processing /opt/airflow/dags/orchestrator.py took 0.586 seconds
[2025-11-22T12:34:44.171+0000] {processor.py:186} INFO - Started process (PID=170) to work on /opt/airflow/dags/orchestrator.py
[2025-11-22T12:34:44.174+0000] {processor.py:914} INFO - Processing file /opt/airflow/dags/orchestrator.py for tasks to queue
[2025-11-22T12:34:44.181+0000] {logging_mixin.py:190} INFO - [2025-11-22T12:34:44.180+0000] {dagbag.py:588} INFO - Filling up the DagBag from /opt/airflow/dags/orchestrator.py
[2025-11-22T12:34:44.314+0000] {processor.py:925} INFO - DAG(s) 'job_pipeline' retrieved from /opt/airflow/dags/orchestrator.py
[2025-11-22T12:34:44.411+0000] {logging_mixin.py:190} INFO - [2025-11-22T12:34:44.411+0000] {dag.py:3239} INFO - Sync 1 DAGs
[2025-11-22T12:34:44.480+0000] {logging_mixin.py:190} INFO - [2025-11-22T12:34:44.479+0000] {dag.py:4180} INFO - Setting next_dagrun for job_pipeline to 2025-11-22 00:00:00+00:00, run_after=2025-11-23 00:00:00+00:00
[2025-11-22T12:34:44.530+0000] {processor.py:208} INFO - Processing /opt/airflow/dags/orchestrator.py took 0.383 seconds
[2025-11-22T12:35:15.093+0000] {processor.py:186} INFO - Started process (PID=175) to work on /opt/airflow/dags/orchestrator.py
[2025-11-22T12:35:15.097+0000] {processor.py:914} INFO - Processing file /opt/airflow/dags/orchestrator.py for tasks to queue
[2025-11-22T12:35:15.104+0000] {logging_mixin.py:190} INFO - [2025-11-22T12:35:15.103+0000] {dagbag.py:588} INFO - Filling up the DagBag from /opt/airflow/dags/orchestrator.py
[2025-11-22T12:35:15.453+0000] {processor.py:925} INFO - DAG(s) 'job_pipeline' retrieved from /opt/airflow/dags/orchestrator.py
[2025-11-22T12:35:15.618+0000] {logging_mixin.py:190} INFO - [2025-11-22T12:35:15.617+0000] {dag.py:3239} INFO - Sync 1 DAGs
[2025-11-22T12:35:15.689+0000] {logging_mixin.py:190} INFO - [2025-11-22T12:35:15.689+0000] {dag.py:4180} INFO - Setting next_dagrun for job_pipeline to 2025-11-22 00:00:00+00:00, run_after=2025-11-23 00:00:00+00:00
[2025-11-22T12:35:15.744+0000] {processor.py:208} INFO - Processing /opt/airflow/dags/orchestrator.py took 0.664 seconds
[2025-11-22T12:35:46.488+0000] {processor.py:186} INFO - Started process (PID=180) to work on /opt/airflow/dags/orchestrator.py
[2025-11-22T12:35:46.493+0000] {processor.py:914} INFO - Processing file /opt/airflow/dags/orchestrator.py for tasks to queue
[2025-11-22T12:35:46.507+0000] {logging_mixin.py:190} INFO - [2025-11-22T12:35:46.505+0000] {dagbag.py:588} INFO - Filling up the DagBag from /opt/airflow/dags/orchestrator.py
[2025-11-22T12:35:46.699+0000] {processor.py:925} INFO - DAG(s) 'job_pipeline' retrieved from /opt/airflow/dags/orchestrator.py
[2025-11-22T12:35:46.954+0000] {logging_mixin.py:190} INFO - [2025-11-22T12:35:46.953+0000] {dag.py:3239} INFO - Sync 1 DAGs
[2025-11-22T12:35:47.117+0000] {logging_mixin.py:190} INFO - [2025-11-22T12:35:47.116+0000] {dag.py:4180} INFO - Setting next_dagrun for job_pipeline to 2025-11-22 00:00:00+00:00, run_after=2025-11-23 00:00:00+00:00
[2025-11-22T12:35:47.191+0000] {processor.py:208} INFO - Processing /opt/airflow/dags/orchestrator.py took 0.726 seconds
[2025-11-22T12:36:17.523+0000] {processor.py:186} INFO - Started process (PID=185) to work on /opt/airflow/dags/orchestrator.py
[2025-11-22T12:36:17.528+0000] {processor.py:914} INFO - Processing file /opt/airflow/dags/orchestrator.py for tasks to queue
[2025-11-22T12:36:17.544+0000] {logging_mixin.py:190} INFO - [2025-11-22T12:36:17.543+0000] {dagbag.py:588} INFO - Filling up the DagBag from /opt/airflow/dags/orchestrator.py
[2025-11-22T12:36:17.667+0000] {processor.py:925} INFO - DAG(s) 'job_pipeline' retrieved from /opt/airflow/dags/orchestrator.py
[2025-11-22T12:36:17.961+0000] {logging_mixin.py:190} INFO - [2025-11-22T12:36:17.959+0000] {dag.py:3239} INFO - Sync 1 DAGs
[2025-11-22T12:36:18.149+0000] {logging_mixin.py:190} INFO - [2025-11-22T12:36:18.148+0000] {dag.py:4180} INFO - Setting next_dagrun for job_pipeline to 2025-11-22 00:00:00+00:00, run_after=2025-11-23 00:00:00+00:00
[2025-11-22T12:36:18.224+0000] {processor.py:208} INFO - Processing /opt/airflow/dags/orchestrator.py took 0.773 seconds
[2025-11-22T12:36:48.503+0000] {processor.py:186} INFO - Started process (PID=190) to work on /opt/airflow/dags/orchestrator.py
[2025-11-22T12:36:48.514+0000] {processor.py:914} INFO - Processing file /opt/airflow/dags/orchestrator.py for tasks to queue
[2025-11-22T12:36:48.528+0000] {logging_mixin.py:190} INFO - [2025-11-22T12:36:48.525+0000] {dagbag.py:588} INFO - Filling up the DagBag from /opt/airflow/dags/orchestrator.py
[2025-11-22T12:36:48.731+0000] {processor.py:925} INFO - DAG(s) 'job_pipeline' retrieved from /opt/airflow/dags/orchestrator.py
[2025-11-22T12:36:48.975+0000] {logging_mixin.py:190} INFO - [2025-11-22T12:36:48.975+0000] {dag.py:3239} INFO - Sync 1 DAGs
[2025-11-22T12:36:49.166+0000] {logging_mixin.py:190} INFO - [2025-11-22T12:36:49.165+0000] {dag.py:4180} INFO - Setting next_dagrun for job_pipeline to 2025-11-22 00:00:00+00:00, run_after=2025-11-23 00:00:00+00:00
[2025-11-22T12:36:49.360+0000] {processor.py:208} INFO - Processing /opt/airflow/dags/orchestrator.py took 0.895 seconds
[2025-11-22T12:37:19.699+0000] {processor.py:186} INFO - Started process (PID=196) to work on /opt/airflow/dags/orchestrator.py
[2025-11-22T12:37:19.714+0000] {processor.py:914} INFO - Processing file /opt/airflow/dags/orchestrator.py for tasks to queue
[2025-11-22T12:37:19.754+0000] {logging_mixin.py:190} INFO - [2025-11-22T12:37:19.753+0000] {dagbag.py:588} INFO - Filling up the DagBag from /opt/airflow/dags/orchestrator.py
[2025-11-22T12:37:20.013+0000] {processor.py:925} INFO - DAG(s) 'job_pipeline' retrieved from /opt/airflow/dags/orchestrator.py
[2025-11-22T12:37:20.303+0000] {logging_mixin.py:190} INFO - [2025-11-22T12:37:20.302+0000] {dag.py:3239} INFO - Sync 1 DAGs
[2025-11-22T12:37:20.528+0000] {logging_mixin.py:190} INFO - [2025-11-22T12:37:20.527+0000] {dag.py:4180} INFO - Setting next_dagrun for job_pipeline to 2025-11-22 00:00:00+00:00, run_after=2025-11-23 00:00:00+00:00
[2025-11-22T12:37:20.606+0000] {processor.py:208} INFO - Processing /opt/airflow/dags/orchestrator.py took 0.973 seconds
[2025-11-22T12:37:51.299+0000] {processor.py:186} INFO - Started process (PID=209) to work on /opt/airflow/dags/orchestrator.py
[2025-11-22T12:37:51.304+0000] {processor.py:914} INFO - Processing file /opt/airflow/dags/orchestrator.py for tasks to queue
[2025-11-22T12:37:51.315+0000] {logging_mixin.py:190} INFO - [2025-11-22T12:37:51.313+0000] {dagbag.py:588} INFO - Filling up the DagBag from /opt/airflow/dags/orchestrator.py
[2025-11-22T12:37:51.551+0000] {processor.py:925} INFO - DAG(s) 'job_pipeline' retrieved from /opt/airflow/dags/orchestrator.py
[2025-11-22T12:37:51.724+0000] {logging_mixin.py:190} INFO - [2025-11-22T12:37:51.723+0000] {dag.py:3239} INFO - Sync 1 DAGs
[2025-11-22T12:37:51.825+0000] {logging_mixin.py:190} INFO - [2025-11-22T12:37:51.824+0000] {dag.py:4180} INFO - Setting next_dagrun for job_pipeline to 2025-11-22 00:00:00+00:00, run_after=2025-11-23 00:00:00+00:00
[2025-11-22T12:37:51.901+0000] {processor.py:208} INFO - Processing /opt/airflow/dags/orchestrator.py took 0.637 seconds
[2025-11-22T12:38:22.858+0000] {processor.py:186} INFO - Started process (PID=214) to work on /opt/airflow/dags/orchestrator.py
[2025-11-22T12:38:22.864+0000] {processor.py:914} INFO - Processing file /opt/airflow/dags/orchestrator.py for tasks to queue
[2025-11-22T12:38:22.878+0000] {logging_mixin.py:190} INFO - [2025-11-22T12:38:22.877+0000] {dagbag.py:588} INFO - Filling up the DagBag from /opt/airflow/dags/orchestrator.py
[2025-11-22T12:38:23.125+0000] {processor.py:925} INFO - DAG(s) 'job_pipeline' retrieved from /opt/airflow/dags/orchestrator.py
[2025-11-22T12:38:23.274+0000] {logging_mixin.py:190} INFO - [2025-11-22T12:38:23.274+0000] {dag.py:3239} INFO - Sync 1 DAGs
[2025-11-22T12:38:23.585+0000] {logging_mixin.py:190} INFO - [2025-11-22T12:38:23.585+0000] {dag.py:4180} INFO - Setting next_dagrun for job_pipeline to 2025-11-22 00:00:00+00:00, run_after=2025-11-23 00:00:00+00:00
[2025-11-22T12:38:23.716+0000] {processor.py:208} INFO - Processing /opt/airflow/dags/orchestrator.py took 0.907 seconds
[2025-11-22T12:38:54.486+0000] {processor.py:186} INFO - Started process (PID=219) to work on /opt/airflow/dags/orchestrator.py
[2025-11-22T12:38:54.490+0000] {processor.py:914} INFO - Processing file /opt/airflow/dags/orchestrator.py for tasks to queue
[2025-11-22T12:38:54.501+0000] {logging_mixin.py:190} INFO - [2025-11-22T12:38:54.500+0000] {dagbag.py:588} INFO - Filling up the DagBag from /opt/airflow/dags/orchestrator.py
[2025-11-22T12:38:54.651+0000] {processor.py:925} INFO - DAG(s) 'job_pipeline' retrieved from /opt/airflow/dags/orchestrator.py
[2025-11-22T12:38:54.774+0000] {logging_mixin.py:190} INFO - [2025-11-22T12:38:54.773+0000] {dag.py:3239} INFO - Sync 1 DAGs
[2025-11-22T12:38:54.865+0000] {logging_mixin.py:190} INFO - [2025-11-22T12:38:54.865+0000] {dag.py:4180} INFO - Setting next_dagrun for job_pipeline to 2025-11-22 00:00:00+00:00, run_after=2025-11-23 00:00:00+00:00
[2025-11-22T12:38:54.909+0000] {processor.py:208} INFO - Processing /opt/airflow/dags/orchestrator.py took 0.455 seconds
[2025-11-22T12:39:25.456+0000] {processor.py:186} INFO - Started process (PID=224) to work on /opt/airflow/dags/orchestrator.py
[2025-11-22T12:39:25.459+0000] {processor.py:914} INFO - Processing file /opt/airflow/dags/orchestrator.py for tasks to queue
[2025-11-22T12:39:25.468+0000] {logging_mixin.py:190} INFO - [2025-11-22T12:39:25.465+0000] {dagbag.py:588} INFO - Filling up the DagBag from /opt/airflow/dags/orchestrator.py
[2025-11-22T12:39:25.616+0000] {processor.py:925} INFO - DAG(s) 'job_pipeline' retrieved from /opt/airflow/dags/orchestrator.py
[2025-11-22T12:39:25.717+0000] {logging_mixin.py:190} INFO - [2025-11-22T12:39:25.717+0000] {dag.py:3239} INFO - Sync 1 DAGs
[2025-11-22T12:39:25.822+0000] {logging_mixin.py:190} INFO - [2025-11-22T12:39:25.822+0000] {dag.py:4180} INFO - Setting next_dagrun for job_pipeline to 2025-11-22 00:00:00+00:00, run_after=2025-11-23 00:00:00+00:00
[2025-11-22T12:39:25.885+0000] {processor.py:208} INFO - Processing /opt/airflow/dags/orchestrator.py took 0.449 seconds
[2025-11-22T12:39:56.113+0000] {processor.py:186} INFO - Started process (PID=229) to work on /opt/airflow/dags/orchestrator.py
[2025-11-22T12:39:56.117+0000] {processor.py:914} INFO - Processing file /opt/airflow/dags/orchestrator.py for tasks to queue
[2025-11-22T12:39:56.131+0000] {logging_mixin.py:190} INFO - [2025-11-22T12:39:56.128+0000] {dagbag.py:588} INFO - Filling up the DagBag from /opt/airflow/dags/orchestrator.py
[2025-11-22T12:39:56.316+0000] {processor.py:925} INFO - DAG(s) 'job_pipeline' retrieved from /opt/airflow/dags/orchestrator.py
[2025-11-22T12:39:56.594+0000] {logging_mixin.py:190} INFO - [2025-11-22T12:39:56.593+0000] {dag.py:3239} INFO - Sync 1 DAGs
[2025-11-22T12:39:56.835+0000] {logging_mixin.py:190} INFO - [2025-11-22T12:39:56.834+0000] {dag.py:4180} INFO - Setting next_dagrun for job_pipeline to 2025-11-22 00:00:00+00:00, run_after=2025-11-23 00:00:00+00:00
[2025-11-22T12:39:56.936+0000] {processor.py:208} INFO - Processing /opt/airflow/dags/orchestrator.py took 0.851 seconds
[2025-11-22T12:40:27.528+0000] {processor.py:186} INFO - Started process (PID=234) to work on /opt/airflow/dags/orchestrator.py
[2025-11-22T12:40:27.540+0000] {processor.py:914} INFO - Processing file /opt/airflow/dags/orchestrator.py for tasks to queue
[2025-11-22T12:40:27.558+0000] {logging_mixin.py:190} INFO - [2025-11-22T12:40:27.556+0000] {dagbag.py:588} INFO - Filling up the DagBag from /opt/airflow/dags/orchestrator.py
[2025-11-22T12:40:27.842+0000] {processor.py:925} INFO - DAG(s) 'job_pipeline' retrieved from /opt/airflow/dags/orchestrator.py
[2025-11-22T12:40:28.059+0000] {logging_mixin.py:190} INFO - [2025-11-22T12:40:28.058+0000] {dag.py:3239} INFO - Sync 1 DAGs
[2025-11-22T12:40:28.146+0000] {logging_mixin.py:190} INFO - [2025-11-22T12:40:28.145+0000] {dag.py:4180} INFO - Setting next_dagrun for job_pipeline to 2025-11-22 00:00:00+00:00, run_after=2025-11-23 00:00:00+00:00
[2025-11-22T12:40:28.198+0000] {processor.py:208} INFO - Processing /opt/airflow/dags/orchestrator.py took 0.709 seconds
[2025-11-22T12:50:23.324+0000] {processor.py:186} INFO - Started process (PID=164) to work on /opt/airflow/dags/orchestrator.py
[2025-11-22T12:50:23.327+0000] {processor.py:914} INFO - Processing file /opt/airflow/dags/orchestrator.py for tasks to queue
[2025-11-22T12:50:23.332+0000] {logging_mixin.py:190} INFO - [2025-11-22T12:50:23.331+0000] {dagbag.py:588} INFO - Filling up the DagBag from /opt/airflow/dags/orchestrator.py
[2025-11-22T12:50:23.476+0000] {processor.py:925} INFO - DAG(s) 'job_pipeline' retrieved from /opt/airflow/dags/orchestrator.py
[2025-11-22T12:50:23.601+0000] {logging_mixin.py:190} INFO - [2025-11-22T12:50:23.601+0000] {dag.py:3239} INFO - Sync 1 DAGs
[2025-11-22T12:50:23.767+0000] {logging_mixin.py:190} INFO - [2025-11-22T12:50:23.766+0000] {dag.py:4180} INFO - Setting next_dagrun for job_pipeline to 2025-11-22 00:00:00+00:00, run_after=2025-11-23 00:00:00+00:00
[2025-11-22T12:50:23.805+0000] {processor.py:208} INFO - Processing /opt/airflow/dags/orchestrator.py took 0.496 seconds
[2025-11-22T12:50:54.600+0000] {processor.py:186} INFO - Started process (PID=169) to work on /opt/airflow/dags/orchestrator.py
[2025-11-22T12:50:54.619+0000] {processor.py:914} INFO - Processing file /opt/airflow/dags/orchestrator.py for tasks to queue
[2025-11-22T12:50:54.637+0000] {logging_mixin.py:190} INFO - [2025-11-22T12:50:54.636+0000] {dagbag.py:588} INFO - Filling up the DagBag from /opt/airflow/dags/orchestrator.py
[2025-11-22T12:50:55.149+0000] {processor.py:925} INFO - DAG(s) 'job_pipeline' retrieved from /opt/airflow/dags/orchestrator.py
[2025-11-22T12:50:55.414+0000] {logging_mixin.py:190} INFO - [2025-11-22T12:50:55.414+0000] {dag.py:3239} INFO - Sync 1 DAGs
[2025-11-22T12:50:55.689+0000] {logging_mixin.py:190} INFO - [2025-11-22T12:50:55.688+0000] {dag.py:4180} INFO - Setting next_dagrun for job_pipeline to 2025-11-22 00:00:00+00:00, run_after=2025-11-23 00:00:00+00:00
[2025-11-22T12:50:55.816+0000] {processor.py:208} INFO - Processing /opt/airflow/dags/orchestrator.py took 1.275 seconds
[2025-11-22T12:51:26.561+0000] {processor.py:186} INFO - Started process (PID=174) to work on /opt/airflow/dags/orchestrator.py
[2025-11-22T12:51:26.567+0000] {processor.py:914} INFO - Processing file /opt/airflow/dags/orchestrator.py for tasks to queue
[2025-11-22T12:51:26.583+0000] {logging_mixin.py:190} INFO - [2025-11-22T12:51:26.581+0000] {dagbag.py:588} INFO - Filling up the DagBag from /opt/airflow/dags/orchestrator.py
[2025-11-22T12:51:26.868+0000] {processor.py:925} INFO - DAG(s) 'job_pipeline' retrieved from /opt/airflow/dags/orchestrator.py
[2025-11-22T12:51:27.053+0000] {logging_mixin.py:190} INFO - [2025-11-22T12:51:27.052+0000] {dag.py:3239} INFO - Sync 1 DAGs
[2025-11-22T12:51:27.183+0000] {logging_mixin.py:190} INFO - [2025-11-22T12:51:27.182+0000] {dag.py:4180} INFO - Setting next_dagrun for job_pipeline to 2025-11-22 00:00:00+00:00, run_after=2025-11-23 00:00:00+00:00
[2025-11-22T12:51:27.277+0000] {processor.py:208} INFO - Processing /opt/airflow/dags/orchestrator.py took 0.755 seconds
[2025-11-22T12:51:57.919+0000] {processor.py:186} INFO - Started process (PID=179) to work on /opt/airflow/dags/orchestrator.py
[2025-11-22T12:51:57.921+0000] {processor.py:914} INFO - Processing file /opt/airflow/dags/orchestrator.py for tasks to queue
[2025-11-22T12:51:57.934+0000] {logging_mixin.py:190} INFO - [2025-11-22T12:51:57.933+0000] {dagbag.py:588} INFO - Filling up the DagBag from /opt/airflow/dags/orchestrator.py
[2025-11-22T12:51:58.019+0000] {processor.py:925} INFO - DAG(s) 'job_pipeline' retrieved from /opt/airflow/dags/orchestrator.py
[2025-11-22T12:51:58.060+0000] {logging_mixin.py:190} INFO - [2025-11-22T12:51:58.060+0000] {dag.py:3239} INFO - Sync 1 DAGs
[2025-11-22T12:51:58.089+0000] {logging_mixin.py:190} INFO - [2025-11-22T12:51:58.089+0000] {dag.py:4180} INFO - Setting next_dagrun for job_pipeline to 2025-11-22 00:00:00+00:00, run_after=2025-11-23 00:00:00+00:00
[2025-11-22T12:51:58.119+0000] {processor.py:208} INFO - Processing /opt/airflow/dags/orchestrator.py took 0.212 seconds
[2025-11-22T12:52:28.346+0000] {processor.py:186} INFO - Started process (PID=184) to work on /opt/airflow/dags/orchestrator.py
[2025-11-22T12:52:28.349+0000] {processor.py:914} INFO - Processing file /opt/airflow/dags/orchestrator.py for tasks to queue
[2025-11-22T12:52:28.354+0000] {logging_mixin.py:190} INFO - [2025-11-22T12:52:28.354+0000] {dagbag.py:588} INFO - Filling up the DagBag from /opt/airflow/dags/orchestrator.py
[2025-11-22T12:52:28.431+0000] {processor.py:925} INFO - DAG(s) 'job_pipeline' retrieved from /opt/airflow/dags/orchestrator.py
[2025-11-22T12:52:28.494+0000] {logging_mixin.py:190} INFO - [2025-11-22T12:52:28.493+0000] {dag.py:3239} INFO - Sync 1 DAGs
[2025-11-22T12:52:28.537+0000] {logging_mixin.py:190} INFO - [2025-11-22T12:52:28.537+0000] {dag.py:4180} INFO - Setting next_dagrun for job_pipeline to 2025-11-22 00:00:00+00:00, run_after=2025-11-23 00:00:00+00:00
[2025-11-22T12:52:28.607+0000] {processor.py:208} INFO - Processing /opt/airflow/dags/orchestrator.py took 0.279 seconds
[2025-11-22T12:52:58.784+0000] {processor.py:186} INFO - Started process (PID=189) to work on /opt/airflow/dags/orchestrator.py
[2025-11-22T12:52:58.786+0000] {processor.py:914} INFO - Processing file /opt/airflow/dags/orchestrator.py for tasks to queue
[2025-11-22T12:52:58.791+0000] {logging_mixin.py:190} INFO - [2025-11-22T12:52:58.791+0000] {dagbag.py:588} INFO - Filling up the DagBag from /opt/airflow/dags/orchestrator.py
[2025-11-22T12:52:58.865+0000] {processor.py:925} INFO - DAG(s) 'job_pipeline' retrieved from /opt/airflow/dags/orchestrator.py
[2025-11-22T12:52:58.915+0000] {logging_mixin.py:190} INFO - [2025-11-22T12:52:58.915+0000] {dag.py:3239} INFO - Sync 1 DAGs
[2025-11-22T12:52:58.950+0000] {logging_mixin.py:190} INFO - [2025-11-22T12:52:58.949+0000] {dag.py:4180} INFO - Setting next_dagrun for job_pipeline to 2025-11-22 00:00:00+00:00, run_after=2025-11-23 00:00:00+00:00
[2025-11-22T12:52:58.986+0000] {processor.py:208} INFO - Processing /opt/airflow/dags/orchestrator.py took 0.213 seconds
[2025-11-22T12:53:29.290+0000] {processor.py:186} INFO - Started process (PID=194) to work on /opt/airflow/dags/orchestrator.py
[2025-11-22T12:53:29.292+0000] {processor.py:914} INFO - Processing file /opt/airflow/dags/orchestrator.py for tasks to queue
[2025-11-22T12:53:29.300+0000] {logging_mixin.py:190} INFO - [2025-11-22T12:53:29.299+0000] {dagbag.py:588} INFO - Filling up the DagBag from /opt/airflow/dags/orchestrator.py
[2025-11-22T12:53:29.370+0000] {processor.py:925} INFO - DAG(s) 'job_pipeline' retrieved from /opt/airflow/dags/orchestrator.py
[2025-11-22T12:53:29.427+0000] {logging_mixin.py:190} INFO - [2025-11-22T12:53:29.427+0000] {dag.py:3239} INFO - Sync 1 DAGs
[2025-11-22T12:53:29.472+0000] {logging_mixin.py:190} INFO - [2025-11-22T12:53:29.472+0000] {dag.py:4180} INFO - Setting next_dagrun for job_pipeline to 2025-11-22 00:00:00+00:00, run_after=2025-11-23 00:00:00+00:00
[2025-11-22T12:53:29.498+0000] {processor.py:208} INFO - Processing /opt/airflow/dags/orchestrator.py took 0.220 seconds
[2025-11-22T12:53:59.740+0000] {processor.py:186} INFO - Started process (PID=199) to work on /opt/airflow/dags/orchestrator.py
[2025-11-22T12:53:59.742+0000] {processor.py:914} INFO - Processing file /opt/airflow/dags/orchestrator.py for tasks to queue
[2025-11-22T12:53:59.747+0000] {logging_mixin.py:190} INFO - [2025-11-22T12:53:59.747+0000] {dagbag.py:588} INFO - Filling up the DagBag from /opt/airflow/dags/orchestrator.py
[2025-11-22T12:53:59.849+0000] {processor.py:925} INFO - DAG(s) 'job_pipeline' retrieved from /opt/airflow/dags/orchestrator.py
[2025-11-22T12:53:59.904+0000] {logging_mixin.py:190} INFO - [2025-11-22T12:53:59.904+0000] {dag.py:3239} INFO - Sync 1 DAGs
[2025-11-22T12:53:59.944+0000] {logging_mixin.py:190} INFO - [2025-11-22T12:53:59.943+0000] {dag.py:4180} INFO - Setting next_dagrun for job_pipeline to 2025-11-22 00:00:00+00:00, run_after=2025-11-23 00:00:00+00:00
[2025-11-22T12:53:59.975+0000] {processor.py:208} INFO - Processing /opt/airflow/dags/orchestrator.py took 0.251 seconds
[2025-11-22T12:54:30.215+0000] {processor.py:186} INFO - Started process (PID=204) to work on /opt/airflow/dags/orchestrator.py
[2025-11-22T12:54:30.217+0000] {processor.py:914} INFO - Processing file /opt/airflow/dags/orchestrator.py for tasks to queue
[2025-11-22T12:54:30.223+0000] {logging_mixin.py:190} INFO - [2025-11-22T12:54:30.222+0000] {dagbag.py:588} INFO - Filling up the DagBag from /opt/airflow/dags/orchestrator.py
[2025-11-22T12:54:30.310+0000] {processor.py:925} INFO - DAG(s) 'job_pipeline' retrieved from /opt/airflow/dags/orchestrator.py
[2025-11-22T12:54:30.384+0000] {logging_mixin.py:190} INFO - [2025-11-22T12:54:30.384+0000] {dag.py:3239} INFO - Sync 1 DAGs
[2025-11-22T12:54:30.443+0000] {logging_mixin.py:190} INFO - [2025-11-22T12:54:30.443+0000] {dag.py:4180} INFO - Setting next_dagrun for job_pipeline to 2025-11-22 00:00:00+00:00, run_after=2025-11-23 00:00:00+00:00
[2025-11-22T12:54:30.481+0000] {processor.py:208} INFO - Processing /opt/airflow/dags/orchestrator.py took 0.284 seconds
[2025-11-22T12:55:00.748+0000] {processor.py:186} INFO - Started process (PID=209) to work on /opt/airflow/dags/orchestrator.py
[2025-11-22T12:55:00.751+0000] {processor.py:914} INFO - Processing file /opt/airflow/dags/orchestrator.py for tasks to queue
[2025-11-22T12:55:00.757+0000] {logging_mixin.py:190} INFO - [2025-11-22T12:55:00.757+0000] {dagbag.py:588} INFO - Filling up the DagBag from /opt/airflow/dags/orchestrator.py
[2025-11-22T12:55:00.930+0000] {processor.py:925} INFO - DAG(s) 'job_pipeline' retrieved from /opt/airflow/dags/orchestrator.py
[2025-11-22T12:55:01.002+0000] {logging_mixin.py:190} INFO - [2025-11-22T12:55:01.001+0000] {dag.py:3239} INFO - Sync 1 DAGs
[2025-11-22T12:55:01.060+0000] {logging_mixin.py:190} INFO - [2025-11-22T12:55:01.059+0000] {dag.py:4180} INFO - Setting next_dagrun for job_pipeline to 2025-11-22 00:00:00+00:00, run_after=2025-11-23 00:00:00+00:00
[2025-11-22T12:55:01.093+0000] {processor.py:208} INFO - Processing /opt/airflow/dags/orchestrator.py took 0.357 seconds
[2025-11-22T12:55:31.449+0000] {processor.py:186} INFO - Started process (PID=214) to work on /opt/airflow/dags/orchestrator.py
[2025-11-22T12:55:31.451+0000] {processor.py:914} INFO - Processing file /opt/airflow/dags/orchestrator.py for tasks to queue
[2025-11-22T12:55:31.458+0000] {logging_mixin.py:190} INFO - [2025-11-22T12:55:31.457+0000] {dagbag.py:588} INFO - Filling up the DagBag from /opt/airflow/dags/orchestrator.py
[2025-11-22T12:55:31.564+0000] {processor.py:925} INFO - DAG(s) 'job_pipeline' retrieved from /opt/airflow/dags/orchestrator.py
[2025-11-22T12:55:31.624+0000] {logging_mixin.py:190} INFO - [2025-11-22T12:55:31.623+0000] {dag.py:3239} INFO - Sync 1 DAGs
[2025-11-22T12:55:31.672+0000] {logging_mixin.py:190} INFO - [2025-11-22T12:55:31.672+0000] {dag.py:4180} INFO - Setting next_dagrun for job_pipeline to 2025-11-22 00:00:00+00:00, run_after=2025-11-23 00:00:00+00:00
[2025-11-22T12:55:31.702+0000] {processor.py:208} INFO - Processing /opt/airflow/dags/orchestrator.py took 0.272 seconds
[2025-11-22T12:56:01.815+0000] {processor.py:186} INFO - Started process (PID=219) to work on /opt/airflow/dags/orchestrator.py
[2025-11-22T12:56:01.818+0000] {processor.py:914} INFO - Processing file /opt/airflow/dags/orchestrator.py for tasks to queue
[2025-11-22T12:56:01.825+0000] {logging_mixin.py:190} INFO - [2025-11-22T12:56:01.824+0000] {dagbag.py:588} INFO - Filling up the DagBag from /opt/airflow/dags/orchestrator.py
[2025-11-22T12:56:01.892+0000] {processor.py:925} INFO - DAG(s) 'job_pipeline' retrieved from /opt/airflow/dags/orchestrator.py
[2025-11-22T12:56:01.941+0000] {logging_mixin.py:190} INFO - [2025-11-22T12:56:01.941+0000] {dag.py:3239} INFO - Sync 1 DAGs
[2025-11-22T12:56:01.980+0000] {logging_mixin.py:190} INFO - [2025-11-22T12:56:01.980+0000] {dag.py:4180} INFO - Setting next_dagrun for job_pipeline to 2025-11-22 00:00:00+00:00, run_after=2025-11-23 00:00:00+00:00
[2025-11-22T12:56:02.013+0000] {processor.py:208} INFO - Processing /opt/airflow/dags/orchestrator.py took 0.208 seconds
[2025-11-22T12:56:32.383+0000] {processor.py:186} INFO - Started process (PID=224) to work on /opt/airflow/dags/orchestrator.py
[2025-11-22T12:56:32.385+0000] {processor.py:914} INFO - Processing file /opt/airflow/dags/orchestrator.py for tasks to queue
[2025-11-22T12:56:32.391+0000] {logging_mixin.py:190} INFO - [2025-11-22T12:56:32.390+0000] {dagbag.py:588} INFO - Filling up the DagBag from /opt/airflow/dags/orchestrator.py
[2025-11-22T12:56:32.478+0000] {processor.py:925} INFO - DAG(s) 'job_pipeline' retrieved from /opt/airflow/dags/orchestrator.py
[2025-11-22T12:56:32.539+0000] {logging_mixin.py:190} INFO - [2025-11-22T12:56:32.539+0000] {dag.py:3239} INFO - Sync 1 DAGs
[2025-11-22T12:56:32.587+0000] {logging_mixin.py:190} INFO - [2025-11-22T12:56:32.587+0000] {dag.py:4180} INFO - Setting next_dagrun for job_pipeline to 2025-11-22 00:00:00+00:00, run_after=2025-11-23 00:00:00+00:00
[2025-11-22T12:56:32.622+0000] {processor.py:208} INFO - Processing /opt/airflow/dags/orchestrator.py took 0.248 seconds
[2025-11-22T12:57:02.723+0000] {processor.py:186} INFO - Started process (PID=229) to work on /opt/airflow/dags/orchestrator.py
[2025-11-22T12:57:02.726+0000] {processor.py:914} INFO - Processing file /opt/airflow/dags/orchestrator.py for tasks to queue
[2025-11-22T12:57:02.734+0000] {logging_mixin.py:190} INFO - [2025-11-22T12:57:02.733+0000] {dagbag.py:588} INFO - Filling up the DagBag from /opt/airflow/dags/orchestrator.py
[2025-11-22T12:57:02.833+0000] {processor.py:925} INFO - DAG(s) 'job_pipeline' retrieved from /opt/airflow/dags/orchestrator.py
[2025-11-22T12:57:02.910+0000] {logging_mixin.py:190} INFO - [2025-11-22T12:57:02.910+0000] {dag.py:3239} INFO - Sync 1 DAGs
[2025-11-22T12:57:02.963+0000] {logging_mixin.py:190} INFO - [2025-11-22T12:57:02.962+0000] {dag.py:4180} INFO - Setting next_dagrun for job_pipeline to 2025-11-22 00:00:00+00:00, run_after=2025-11-23 00:00:00+00:00
[2025-11-22T12:57:02.996+0000] {processor.py:208} INFO - Processing /opt/airflow/dags/orchestrator.py took 0.286 seconds
[2025-11-22T12:57:33.326+0000] {processor.py:186} INFO - Started process (PID=234) to work on /opt/airflow/dags/orchestrator.py
[2025-11-22T12:57:33.328+0000] {processor.py:914} INFO - Processing file /opt/airflow/dags/orchestrator.py for tasks to queue
[2025-11-22T12:57:33.331+0000] {logging_mixin.py:190} INFO - [2025-11-22T12:57:33.330+0000] {dagbag.py:588} INFO - Filling up the DagBag from /opt/airflow/dags/orchestrator.py
[2025-11-22T12:57:33.377+0000] {processor.py:925} INFO - DAG(s) 'job_pipeline' retrieved from /opt/airflow/dags/orchestrator.py
[2025-11-22T12:57:33.413+0000] {logging_mixin.py:190} INFO - [2025-11-22T12:57:33.413+0000] {dag.py:3239} INFO - Sync 1 DAGs
[2025-11-22T12:57:33.439+0000] {logging_mixin.py:190} INFO - [2025-11-22T12:57:33.438+0000] {dag.py:4180} INFO - Setting next_dagrun for job_pipeline to 2025-11-22 00:00:00+00:00, run_after=2025-11-23 00:00:00+00:00
[2025-11-22T12:57:33.459+0000] {processor.py:208} INFO - Processing /opt/airflow/dags/orchestrator.py took 0.140 seconds
[2025-11-22T12:58:03.811+0000] {processor.py:186} INFO - Started process (PID=239) to work on /opt/airflow/dags/orchestrator.py
[2025-11-22T12:58:03.813+0000] {processor.py:914} INFO - Processing file /opt/airflow/dags/orchestrator.py for tasks to queue
[2025-11-22T12:58:03.817+0000] {logging_mixin.py:190} INFO - [2025-11-22T12:58:03.817+0000] {dagbag.py:588} INFO - Filling up the DagBag from /opt/airflow/dags/orchestrator.py
[2025-11-22T12:58:03.903+0000] {processor.py:925} INFO - DAG(s) 'job_pipeline' retrieved from /opt/airflow/dags/orchestrator.py
[2025-11-22T12:58:03.949+0000] {logging_mixin.py:190} INFO - [2025-11-22T12:58:03.949+0000] {dag.py:3239} INFO - Sync 1 DAGs
[2025-11-22T12:58:03.992+0000] {logging_mixin.py:190} INFO - [2025-11-22T12:58:03.992+0000] {dag.py:4180} INFO - Setting next_dagrun for job_pipeline to 2025-11-22 00:00:00+00:00, run_after=2025-11-23 00:00:00+00:00
[2025-11-22T12:58:04.022+0000] {processor.py:208} INFO - Processing /opt/airflow/dags/orchestrator.py took 0.221 seconds
[2025-11-22T12:58:34.110+0000] {processor.py:186} INFO - Started process (PID=244) to work on /opt/airflow/dags/orchestrator.py
[2025-11-22T12:58:34.111+0000] {processor.py:914} INFO - Processing file /opt/airflow/dags/orchestrator.py for tasks to queue
[2025-11-22T12:58:34.115+0000] {logging_mixin.py:190} INFO - [2025-11-22T12:58:34.114+0000] {dagbag.py:588} INFO - Filling up the DagBag from /opt/airflow/dags/orchestrator.py
[2025-11-22T12:58:34.183+0000] {processor.py:925} INFO - DAG(s) 'job_pipeline' retrieved from /opt/airflow/dags/orchestrator.py
[2025-11-22T12:58:34.233+0000] {logging_mixin.py:190} INFO - [2025-11-22T12:58:34.232+0000] {dag.py:3239} INFO - Sync 1 DAGs
[2025-11-22T12:58:34.268+0000] {logging_mixin.py:190} INFO - [2025-11-22T12:58:34.268+0000] {dag.py:4180} INFO - Setting next_dagrun for job_pipeline to 2025-11-22 00:00:00+00:00, run_after=2025-11-23 00:00:00+00:00
[2025-11-22T12:58:34.295+0000] {processor.py:208} INFO - Processing /opt/airflow/dags/orchestrator.py took 0.196 seconds
