[2025-11-22T12:26:56.233+0000] {manager.py:483} INFO - Processing files using up to 2 processes at a time 
[2025-11-22T12:26:56.237+0000] {manager.py:484} INFO - Process each file at most once every 30 seconds
[2025-11-22T12:26:56.240+0000] {manager.py:485} INFO - Checking for new files in /opt/airflow/dags every 300 seconds
[2025-11-22T12:26:56.243+0000] {manager.py:821} INFO - Searching for files in /opt/airflow/dags
[2025-11-22T12:26:57.305+0000] {manager.py:824} INFO - There are 1 files in /opt/airflow/dags
[2025-11-22T12:26:58.036+0000] {manager.py:997} INFO - 
================================================================================
DAG File Processing Stats

File Path                            PID  Runtime      # DAGs    # Errors  Last Runtime    Last Run      Last # of DB Queries
---------------------------------  -----  ---------  --------  ----------  --------------  ----------  ----------------------
/opt/airflow/dags/orchestrator.py    164  0.21s             0           0                                                   0
================================================================================
[2025-11-22T12:27:28.168+0000] {manager.py:997} INFO - 
================================================================================
DAG File Processing Stats

File Path                          PID    Runtime      # DAGs    # Errors  Last Runtime    Last Run               Last # of DB Queries
---------------------------------  -----  ---------  --------  ----------  --------------  -------------------  ----------------------
/opt/airflow/dags/orchestrator.py                           0           1  0.89s           2025-11-22T12:26:58                       3
================================================================================
[2025-11-22T12:27:59.101+0000] {manager.py:997} INFO - 
================================================================================
DAG File Processing Stats

File Path                          PID    Runtime      # DAGs    # Errors  Last Runtime    Last Run               Last # of DB Queries
---------------------------------  -----  ---------  --------  ----------  --------------  -------------------  ----------------------
/opt/airflow/dags/orchestrator.py                           0           1  0.54s           2025-11-22T12:27:29                       5
================================================================================
[2025-11-22T12:28:29.776+0000] {manager.py:997} INFO - 
================================================================================
DAG File Processing Stats

File Path                          PID    Runtime      # DAGs    # Errors  Last Runtime    Last Run               Last # of DB Queries
---------------------------------  -----  ---------  --------  ----------  --------------  -------------------  ----------------------
/opt/airflow/dags/orchestrator.py                           0           1  0.33s           2025-11-22T12:28:00                       5
================================================================================
[2025-11-22T12:29:00.193+0000] {manager.py:997} INFO - 
================================================================================
DAG File Processing Stats

File Path                          PID    Runtime      # DAGs    # Errors  Last Runtime    Last Run               Last # of DB Queries
---------------------------------  -----  ---------  --------  ----------  --------------  -------------------  ----------------------
/opt/airflow/dags/orchestrator.py                           0           1  0.77s           2025-11-22T12:28:31                       5
================================================================================
[2025-11-22T12:29:30.799+0000] {manager.py:997} INFO - 
================================================================================
DAG File Processing Stats

File Path                          PID    Runtime      # DAGs    # Errors  Last Runtime    Last Run               Last # of DB Queries
---------------------------------  -----  ---------  --------  ----------  --------------  -------------------  ----------------------
/opt/airflow/dags/orchestrator.py                           0           1  0.57s           2025-11-22T12:29:02                       5
================================================================================
[2025-11-22T12:30:00.931+0000] {manager.py:997} INFO - 
================================================================================
DAG File Processing Stats

File Path                          PID    Runtime      # DAGs    # Errors  Last Runtime    Last Run               Last # of DB Queries
---------------------------------  -----  ---------  --------  ----------  --------------  -------------------  ----------------------
/opt/airflow/dags/orchestrator.py                           0           1  0.62s           2025-11-22T12:29:33                       5
================================================================================
[2025-11-22T12:30:31.586+0000] {manager.py:997} INFO - 
================================================================================
DAG File Processing Stats

File Path                          PID    Runtime      # DAGs    # Errors  Last Runtime    Last Run               Last # of DB Queries
---------------------------------  -----  ---------  --------  ----------  --------------  -------------------  ----------------------
/opt/airflow/dags/orchestrator.py                           0           1  0.54s           2025-11-22T12:30:04                       5
================================================================================
[2025-11-22T12:31:02.267+0000] {manager.py:997} INFO - 
================================================================================
DAG File Processing Stats

File Path                          PID    Runtime      # DAGs    # Errors  Last Runtime    Last Run               Last # of DB Queries
---------------------------------  -----  ---------  --------  ----------  --------------  -------------------  ----------------------
/opt/airflow/dags/orchestrator.py                           0           1  0.33s           2025-11-22T12:30:35                       5
================================================================================
[2025-11-22T12:31:32.320+0000] {manager.py:997} INFO - 
================================================================================
DAG File Processing Stats

File Path                          PID    Runtime      # DAGs    # Errors  Last Runtime    Last Run               Last # of DB Queries
---------------------------------  -----  ---------  --------  ----------  --------------  -------------------  ----------------------
/opt/airflow/dags/orchestrator.py                           0           1  0.50s           2025-11-22T12:31:05                       5
================================================================================
[2025-11-22T12:31:56.846+0000] {manager.py:821} INFO - Searching for files in /opt/airflow/dags
[2025-11-22T12:31:57.412+0000] {manager.py:824} INFO - There are 1 files in /opt/airflow/dags
[2025-11-22T12:32:02.723+0000] {manager.py:997} INFO - 
================================================================================
DAG File Processing Stats

File Path                          PID    Runtime      # DAGs    # Errors  Last Runtime    Last Run               Last # of DB Queries
---------------------------------  -----  ---------  --------  ----------  --------------  -------------------  ----------------------
/opt/airflow/dags/orchestrator.py                           0           1  0.45s           2025-11-22T12:31:36                       5
================================================================================
[2025-11-22T12:32:33.301+0000] {manager.py:997} INFO - 
================================================================================
DAG File Processing Stats

File Path                          PID    Runtime      # DAGs    # Errors  Last Runtime    Last Run               Last # of DB Queries
---------------------------------  -----  ---------  --------  ----------  --------------  -------------------  ----------------------
/opt/airflow/dags/orchestrator.py                           1           0  2.14s           2025-11-22T12:32:08                      45
================================================================================
[2025-11-22T12:32:56.573+0000] {manager.py:465} INFO - Exiting gracefully upon receiving signal 15
[2025-11-22T12:34:12.283+0000] {manager.py:483} INFO - Processing files using up to 2 processes at a time 
[2025-11-22T12:34:12.286+0000] {manager.py:484} INFO - Process each file at most once every 30 seconds
[2025-11-22T12:34:12.288+0000] {manager.py:485} INFO - Checking for new files in /opt/airflow/dags every 300 seconds
[2025-11-22T12:34:12.290+0000] {manager.py:821} INFO - Searching for files in /opt/airflow/dags
[2025-11-22T12:34:12.687+0000] {manager.py:824} INFO - There are 1 files in /opt/airflow/dags
[2025-11-22T12:34:13.078+0000] {manager.py:997} INFO - 
================================================================================
DAG File Processing Stats

File Path                            PID  Runtime      # DAGs    # Errors  Last Runtime    Last Run      Last # of DB Queries
---------------------------------  -----  ---------  --------  ----------  --------------  ----------  ----------------------
/opt/airflow/dags/orchestrator.py    165  0.10s             0           0                                                   0
================================================================================
[2025-11-22T12:34:43.504+0000] {manager.py:997} INFO - 
================================================================================
DAG File Processing Stats

File Path                          PID    Runtime      # DAGs    # Errors  Last Runtime    Last Run               Last # of DB Queries
---------------------------------  -----  ---------  --------  ----------  --------------  -------------------  ----------------------
/opt/airflow/dags/orchestrator.py                           1           0  0.68s           2025-11-22T12:34:13                      12
================================================================================
[2025-11-22T12:35:13.995+0000] {manager.py:997} INFO - 
================================================================================
DAG File Processing Stats

File Path                          PID    Runtime      # DAGs    # Errors  Last Runtime    Last Run               Last # of DB Queries
---------------------------------  -----  ---------  --------  ----------  --------------  -------------------  ----------------------
/opt/airflow/dags/orchestrator.py                           1           0  0.49s           2025-11-22T12:34:44                      12
================================================================================
[2025-11-22T12:35:44.336+0000] {manager.py:997} INFO - 
================================================================================
DAG File Processing Stats

File Path                          PID    Runtime      # DAGs    # Errors  Last Runtime    Last Run               Last # of DB Queries
---------------------------------  -----  ---------  --------  ----------  --------------  -------------------  ----------------------
/opt/airflow/dags/orchestrator.py                           1           0  0.73s           2025-11-22T12:35:15                      12
================================================================================
[2025-11-22T12:36:14.685+0000] {manager.py:997} INFO - 
================================================================================
DAG File Processing Stats

File Path                          PID    Runtime      # DAGs    # Errors  Last Runtime    Last Run               Last # of DB Queries
---------------------------------  -----  ---------  --------  ----------  --------------  -------------------  ----------------------
/opt/airflow/dags/orchestrator.py                           1           0  0.81s           2025-11-22T12:35:47                      12
================================================================================
[2025-11-22T12:36:44.837+0000] {manager.py:997} INFO - 
================================================================================
DAG File Processing Stats

File Path                          PID    Runtime      # DAGs    # Errors  Last Runtime    Last Run               Last # of DB Queries
---------------------------------  -----  ---------  --------  ----------  --------------  -------------------  ----------------------
/opt/airflow/dags/orchestrator.py                           1           0  0.97s           2025-11-22T12:36:18                      12
================================================================================
[2025-11-22T12:37:14.971+0000] {manager.py:997} INFO - 
================================================================================
DAG File Processing Stats

File Path                          PID    Runtime      # DAGs    # Errors  Last Runtime    Last Run               Last # of DB Queries
---------------------------------  -----  ---------  --------  ----------  --------------  -------------------  ----------------------
/opt/airflow/dags/orchestrator.py                           1           0  1.01s           2025-11-22T12:36:49                      12
================================================================================
[2025-11-22T12:37:45.016+0000] {manager.py:997} INFO - 
================================================================================
DAG File Processing Stats

File Path                          PID    Runtime      # DAGs    # Errors  Last Runtime    Last Run               Last # of DB Queries
---------------------------------  -----  ---------  --------  ----------  --------------  -------------------  ----------------------
/opt/airflow/dags/orchestrator.py                           1           0  1.14s           2025-11-22T12:37:20                      12
================================================================================
[2025-11-22T12:38:15.555+0000] {manager.py:997} INFO - 
================================================================================
DAG File Processing Stats

File Path                          PID    Runtime      # DAGs    # Errors  Last Runtime    Last Run               Last # of DB Queries
---------------------------------  -----  ---------  --------  ----------  --------------  -------------------  ----------------------
/opt/airflow/dags/orchestrator.py                           1           0  0.77s           2025-11-22T12:37:51                      12
================================================================================
[2025-11-22T12:38:46.188+0000] {manager.py:997} INFO - 
================================================================================
DAG File Processing Stats

File Path                          PID    Runtime      # DAGs    # Errors  Last Runtime    Last Run               Last # of DB Queries
---------------------------------  -----  ---------  --------  ----------  --------------  -------------------  ----------------------
/opt/airflow/dags/orchestrator.py                           1           0  1.04s           2025-11-22T12:38:23                      12
================================================================================
[2025-11-22T12:39:12.739+0000] {manager.py:821} INFO - Searching for files in /opt/airflow/dags
[2025-11-22T12:39:13.019+0000] {manager.py:824} INFO - There are 1 files in /opt/airflow/dags
[2025-11-22T12:39:16.295+0000] {manager.py:997} INFO - 
================================================================================
DAG File Processing Stats

File Path                          PID    Runtime      # DAGs    # Errors  Last Runtime    Last Run               Last # of DB Queries
---------------------------------  -----  ---------  --------  ----------  --------------  -------------------  ----------------------
/opt/airflow/dags/orchestrator.py                           1           0  0.54s           2025-11-22T12:38:54                      12
================================================================================
[2025-11-22T12:39:46.344+0000] {manager.py:997} INFO - 
================================================================================
DAG File Processing Stats

File Path                          PID    Runtime      # DAGs    # Errors  Last Runtime    Last Run               Last # of DB Queries
---------------------------------  -----  ---------  --------  ----------  --------------  -------------------  ----------------------
/opt/airflow/dags/orchestrator.py                           1           0  0.62s           2025-11-22T12:39:25                      12
================================================================================
[2025-11-22T12:40:16.370+0000] {manager.py:997} INFO - 
================================================================================
DAG File Processing Stats

File Path                          PID    Runtime      # DAGs    # Errors  Last Runtime    Last Run               Last # of DB Queries
---------------------------------  -----  ---------  --------  ----------  --------------  -------------------  ----------------------
/opt/airflow/dags/orchestrator.py                           1           0  0.94s           2025-11-22T12:39:56                      12
================================================================================
[2025-11-22T12:40:37.229+0000] {manager.py:465} INFO - Exiting gracefully upon receiving signal 15
[2025-11-22T12:50:22.828+0000] {manager.py:483} INFO - Processing files using up to 2 processes at a time 
[2025-11-22T12:50:22.830+0000] {manager.py:484} INFO - Process each file at most once every 30 seconds
[2025-11-22T12:50:22.831+0000] {manager.py:485} INFO - Checking for new files in /opt/airflow/dags every 300 seconds
[2025-11-22T12:50:22.832+0000] {manager.py:821} INFO - Searching for files in /opt/airflow/dags
[2025-11-22T12:50:23.022+0000] {manager.py:824} INFO - There are 1 files in /opt/airflow/dags
[2025-11-22T12:50:23.330+0000] {manager.py:997} INFO - 
================================================================================
DAG File Processing Stats

File Path                            PID  Runtime      # DAGs    # Errors  Last Runtime    Last Run      Last # of DB Queries
---------------------------------  -----  ---------  --------  ----------  --------------  ----------  ----------------------
/opt/airflow/dags/orchestrator.py    164  0.06s             0           0                                                   0
================================================================================
[2025-11-22T12:50:53.791+0000] {manager.py:997} INFO - 
================================================================================
DAG File Processing Stats

File Path                          PID    Runtime      # DAGs    # Errors  Last Runtime    Last Run               Last # of DB Queries
---------------------------------  -----  ---------  --------  ----------  --------------  -------------------  ----------------------
/opt/airflow/dags/orchestrator.py                           1           0  0.56s           2025-11-22T12:50:23                      12
================================================================================
[2025-11-22T12:51:24.326+0000] {manager.py:997} INFO - 
================================================================================
DAG File Processing Stats

File Path                          PID    Runtime      # DAGs    # Errors  Last Runtime    Last Run               Last # of DB Queries
---------------------------------  -----  ---------  --------  ----------  --------------  -------------------  ----------------------
/opt/airflow/dags/orchestrator.py                           1           0  1.49s           2025-11-22T12:50:55                      12
================================================================================
[2025-11-22T12:51:54.788+0000] {manager.py:997} INFO - 
================================================================================
DAG File Processing Stats

File Path                          PID    Runtime      # DAGs    # Errors  Last Runtime    Last Run               Last # of DB Queries
---------------------------------  -----  ---------  --------  ----------  --------------  -------------------  ----------------------
/opt/airflow/dags/orchestrator.py                           1           0  0.92s           2025-11-22T12:51:27                      12
================================================================================
[2025-11-22T12:52:25.242+0000] {manager.py:997} INFO - 
================================================================================
DAG File Processing Stats

File Path                          PID    Runtime      # DAGs    # Errors  Last Runtime    Last Run               Last # of DB Queries
---------------------------------  -----  ---------  --------  ----------  --------------  -------------------  ----------------------
/opt/airflow/dags/orchestrator.py                           1           0  0.28s           2025-11-22T12:51:58                      12
================================================================================
[2025-11-22T12:52:55.710+0000] {manager.py:997} INFO - 
================================================================================
DAG File Processing Stats

File Path                          PID    Runtime      # DAGs    # Errors  Last Runtime    Last Run               Last # of DB Queries
---------------------------------  -----  ---------  --------  ----------  --------------  -------------------  ----------------------
/opt/airflow/dags/orchestrator.py                           1           0  0.34s           2025-11-22T12:52:28                      12
================================================================================
[2025-11-22T12:53:26.185+0000] {manager.py:997} INFO - 
================================================================================
DAG File Processing Stats

File Path                          PID    Runtime      # DAGs    # Errors  Last Runtime    Last Run               Last # of DB Queries
---------------------------------  -----  ---------  --------  ----------  --------------  -------------------  ----------------------
/opt/airflow/dags/orchestrator.py                           1           0  0.26s           2025-11-22T12:52:58                      12
================================================================================
[2025-11-22T12:53:56.639+0000] {manager.py:997} INFO - 
================================================================================
DAG File Processing Stats

File Path                          PID    Runtime      # DAGs    # Errors  Last Runtime    Last Run               Last # of DB Queries
---------------------------------  -----  ---------  --------  ----------  --------------  -------------------  ----------------------
/opt/airflow/dags/orchestrator.py                           1           0  0.28s           2025-11-22T12:53:29                      12
================================================================================
[2025-11-22T12:54:27.076+0000] {manager.py:997} INFO - 
================================================================================
DAG File Processing Stats

File Path                          PID    Runtime      # DAGs    # Errors  Last Runtime    Last Run               Last # of DB Queries
---------------------------------  -----  ---------  --------  ----------  --------------  -------------------  ----------------------
/opt/airflow/dags/orchestrator.py                           1           0  0.31s           2025-11-22T12:53:59                      12
================================================================================
[2025-11-22T12:54:57.650+0000] {manager.py:997} INFO - 
================================================================================
DAG File Processing Stats

File Path                          PID    Runtime      # DAGs    # Errors  Last Runtime    Last Run               Last # of DB Queries
---------------------------------  -----  ---------  --------  ----------  --------------  -------------------  ----------------------
/opt/airflow/dags/orchestrator.py                           1           0  0.34s           2025-11-22T12:54:30                      12
================================================================================
[2025-11-22T12:55:23.121+0000] {manager.py:821} INFO - Searching for files in /opt/airflow/dags
[2025-11-22T12:55:23.244+0000] {manager.py:824} INFO - There are 1 files in /opt/airflow/dags
[2025-11-22T12:55:28.349+0000] {manager.py:997} INFO - 
================================================================================
DAG File Processing Stats

File Path                          PID    Runtime      # DAGs    # Errors  Last Runtime    Last Run               Last # of DB Queries
---------------------------------  -----  ---------  --------  ----------  --------------  -------------------  ----------------------
/opt/airflow/dags/orchestrator.py                           1           0  0.41s           2025-11-22T12:55:01                      12
================================================================================
[2025-11-22T12:55:58.744+0000] {manager.py:997} INFO - 
================================================================================
DAG File Processing Stats

File Path                          PID    Runtime      # DAGs    # Errors  Last Runtime    Last Run               Last # of DB Queries
---------------------------------  -----  ---------  --------  ----------  --------------  -------------------  ----------------------
/opt/airflow/dags/orchestrator.py                           1           0  0.33s           2025-11-22T12:55:31                      12
================================================================================
[2025-11-22T12:56:29.293+0000] {manager.py:997} INFO - 
================================================================================
DAG File Processing Stats

File Path                          PID    Runtime      # DAGs    # Errors  Last Runtime    Last Run               Last # of DB Queries
---------------------------------  -----  ---------  --------  ----------  --------------  -------------------  ----------------------
/opt/airflow/dags/orchestrator.py                           1           0  0.25s           2025-11-22T12:56:02                      12
================================================================================
[2025-11-22T12:56:59.643+0000] {manager.py:997} INFO - 
================================================================================
DAG File Processing Stats

File Path                          PID    Runtime      # DAGs    # Errors  Last Runtime    Last Run               Last # of DB Queries
---------------------------------  -----  ---------  --------  ----------  --------------  -------------------  ----------------------
/opt/airflow/dags/orchestrator.py                           1           0  0.31s           2025-11-22T12:56:32                      12
================================================================================
[2025-11-22T12:57:30.261+0000] {manager.py:997} INFO - 
================================================================================
DAG File Processing Stats

File Path                          PID    Runtime      # DAGs    # Errors  Last Runtime    Last Run               Last # of DB Queries
---------------------------------  -----  ---------  --------  ----------  --------------  -------------------  ----------------------
/opt/airflow/dags/orchestrator.py                           1           0  0.33s           2025-11-22T12:57:03                      12
================================================================================
[2025-11-22T12:58:00.735+0000] {manager.py:997} INFO - 
================================================================================
DAG File Processing Stats

File Path                          PID    Runtime      # DAGs    # Errors  Last Runtime    Last Run               Last # of DB Queries
---------------------------------  -----  ---------  --------  ----------  --------------  -------------------  ----------------------
/opt/airflow/dags/orchestrator.py                           1           0  0.17s           2025-11-22T12:57:33                      12
================================================================================
[2025-11-22T12:58:31.042+0000] {manager.py:997} INFO - 
================================================================================
DAG File Processing Stats

File Path                          PID    Runtime      # DAGs    # Errors  Last Runtime    Last Run               Last # of DB Queries
---------------------------------  -----  ---------  --------  ----------  --------------  -------------------  ----------------------
/opt/airflow/dags/orchestrator.py                           1           0  0.27s           2025-11-22T12:58:04                      12
================================================================================
[2025-11-22T12:58:59.572+0000] {manager.py:465} INFO - Exiting gracefully upon receiving signal 15
